<?xml version="1.0" encoding="UTF-8"?>
<testsuite name="edu.bsu.cs.NotificationTest" tests="1" skipped="0" failures="0" errors="0" timestamp="2024-11-01T18:27:21" hostname="LAPTOP-IVFN0MJO" time="0.748">
  <properties/>
  <testcase name="testAddNotification()" classname="edu.bsu.cs.NotificationTest" time="0.748"/>
  <system-out><![CDATA[]]></system-out>
  <system-err><![CDATA[]]></system-err>
</testsuite>
